#
# There is insufficient memory for the Java Runtime Environment to continue.
# Native memory allocation (mmap) failed to map 266338304 bytes for G1 virtual space
# Possible reasons:
#   The system is out of physical RAM or swap space
#   The process is running with CompressedOops enabled, and the Java Heap may be blocking the growth of the native heap
# Possible solutions:
#   Reduce memory load on the system
#   Increase physical memory or swap space
#   Check if swap backing store is full
#   Decrease Java heap size (-Xmx/-Xms)
#   Decrease number of Java threads
#   Decrease Java thread stack sizes (-Xss)
#   Set larger code cache with -XX:ReservedCodeCacheSize=
#   JVM is running with Zero Based Compressed Oops mode in which the Java heap is
#     placed in the first 32GB address space. The Java Heap base address is the
#     maximum limit for the native heap growth. Please use -XX:HeapBaseMinAddress
#     to set the Java Heap base and to place the Java Heap above 32GB virtual address.
# This output file may be truncated or incomplete.
#
#  Out of Memory Error (os_windows.cpp:3550), pid=8852, tid=12488
#
# JRE version:  (17.0.8+9) (build )
# Java VM: Java HotSpot(TM) 64-Bit Server VM (17.0.8+9-LTS-211, mixed mode, sharing, tiered, compressed oops, compressed class ptrs, g1 gc, windows-amd64)
# No core dump will be written. Minidumps are not enabled by default on client versions of Windows
#

---------------  S U M M A R Y ------------

Command Line: -Dfile.encoding=UTF-8 -XX:+ShowCodeDetailsInExceptionMessages bit701.day0907.Ex3_ArrayBinggo

Host: Intel(R) Core(TM) i7-9700 CPU @ 3.00GHz, 8 cores, 15G,  Windows 11 , 64 bit Build 22621 (10.0.22621.2070)
Time: Thu Sep  7 11:36:29 2023  Windows 11 , 64 bit Build 22621 (10.0.22621.2070) elapsed time: 0.009848 seconds (0d 0h 0m 0s)

---------------  T H R E A D  ---------------

Current thread (0x000001dcc21e7250):  JavaThread "Unknown thread" [_thread_in_vm, id=12488, stack(0x000000800eb00000,0x000000800ec00000)]

Stack: [0x000000800eb00000,0x000000800ec00000]
Native frames: (J=compiled Java code, j=interpreted, Vv=VM code, C=native code)
V  [jvm.dll+0x677d0a]
V  [jvm.dll+0x7d8c54]
V  [jvm.dll+0x7da3fe]
V  [jvm.dll+0x7daa63]
V  [jvm.dll+0x245c5f]
V  [jvm.dll+0x674bb9]
V  [jvm.dll+0x6694f2]
V  [jvm.dll+0x3031d6]
V  [jvm.dll+0x30a756]
V  [jvm.dll+0x359f9e]
V  [jvm.dll+0x35a1cf]
V  [jvm.dll+0x2da3e8]
V  [jvm.dll+0x2db354]
V  [jvm.dll+0x7aa711]
V  [jvm.dll+0x367b51]
V  [jvm.dll+0x789979]
V  [jvm.dll+0x3eb05f]
V  [jvm.dll+0x3ecae1]
C  [jli.dll+0x5297]
C  [ucrtbase.dll+0x29363]
C  [KERNEL32.DLL+0x126ad]
C  [ntdll.dll+0x5aa68]


---------------  P R O C E S S  ---------------

Threads class SMR info:
_java_thread_list=0x00007ff95d0859d8, length=0, elements={
}

Java Threads: ( => current thread )

Other Threads:
  0x000001dcc22548e0 GCTaskThread "GC Thread#0" [stack: 0x000000800ec00000,0x000000800ed00000] [id=16000]
  0x000001dcc2265eb0 ConcurrentGCThread "G1 Main Marker" [stack: 0x000000800ed00000,0x000000800ee00000] [id=12384]
  0x000001dcc22668c0 ConcurrentGCThread "G1 Conc#0" [stack: 0x000000800ee00000,0x000000800ef00000] [id=7940]

[error occurred during error reporting (printing all threads), id 0xc0000005, EXCEPTION_ACCESS_VIOLATION (0xc0000005) at pc=0x00007ff95c8bb047]

VM state: not at safepoint (not fully initialized)

VM Mutex/Monitor currently owned by a thread:  ([mutex/lock_event])
[0x000001dcc21e2d60] Heap_lock - owner thread: 0x000001dcc21e7250

Heap address: 0x0000000702800000, size: 4056 MB, Compressed Oops mode: Zero based, Oop shift amount: 3

CDS archive(s) mapped at: [0x0000000000000000-0x0000000000000000-0x0000000000000000), size 0, SharedBaseAddress: 0x0000000800000000, ArchiveRelocationMode: 1.
Narrow klass base: 0x0000000000000000, Narrow klass shift: 0, Narrow klass range: 0x0

GC Precious Log:
<Empty>

Heap:
 garbage-first heap   total 0K, used 0K [0x0000000702800000, 0x0000000800000000)
  region size 2048K, 0 young (0K), 0 survivors (0K)

[error occurred during error reporting (printing heap information), id 0xc0000005, EXCEPTION_ACCESS_VIOLATION (0xc0000005) at pc=0x00007ff95cca1499]

GC Heap History (0 events):
No events

Deoptimization events (0 events):
No events

Classes unloaded (0 events):
No events

Classes redefined (0 events):
No events

Internal exceptions (0 events):
No events

VM Operations (0 events):
No events

Events (1 events):
Event: 0.007 Loaded shared library C:\Program Files\Java\jdk-17\bin\java.dll


Dynamic libraries:
0x00007ff645230000 - 0x00007ff645240000 	C:\Program Files\Java\jdk-17\bin\javaw.exe
0x00007ff9b9970000 - 0x00007ff9b9b84000 	C:\Windows\SYSTEM32\ntdll.dll
0x00007ff9b8870000 - 0x00007ff9b8934000 	C:\Windows\System32\KERNEL32.DLL
0x00007ff9b6d80000 - 0x00007ff9b7124000 	C:\Windows\System32\KERNELBASE.dll
0x00007ff9b73e0000 - 0x00007ff9b74f1000 	C:\Windows\System32\ucrtbase.dll
0x00007ff9a9f50000 - 0x00007ff9a9f69000 	C:\Program Files\Java\jdk-17\bin\jli.dll
0x00007ff9a9710000 - 0x00007ff9a972b000 	C:\Program Files\Java\jdk-17\bin\VCRUNTIME140.dll
0x00007ff9b8360000 - 0x00007ff9b8410000 	C:\Windows\System32\ADVAPI32.dll
0x00007ff9b8df0000 - 0x00007ff9b8e97000 	C:\Windows\System32\msvcrt.dll
0x00007ff9b8d40000 - 0x00007ff9b8de6000 	C:\Windows\System32\sechost.dll
0x00007ff9b8af0000 - 0x00007ff9b8c07000 	C:\Windows\System32\RPCRT4.dll
0x00007ff9b8940000 - 0x00007ff9b8aea000 	C:\Windows\System32\USER32.dll
0x00007ff9b6d50000 - 0x00007ff9b6d76000 	C:\Windows\System32\win32u.dll
0x00007ff9b7be0000 - 0x00007ff9b7c09000 	C:\Windows\System32\GDI32.dll
0x00007ff9970c0000 - 0x00007ff99734f000 	C:\Windows\WinSxS\amd64_microsoft.windows.common-controls_6595b64144ccf1df_6.0.22621.2070_none_2713e6537381f706\COMCTL32.dll
0x00007ff9b7130000 - 0x00007ff9b7249000 	C:\Windows\System32\gdi32full.dll
0x00007ff9b7250000 - 0x00007ff9b72ea000 	C:\Windows\System32\msvcp_win.dll
0x00007ff9aff10000 - 0x00007ff9aff1a000 	C:\Windows\SYSTEM32\VERSION.dll
0x00007ff9b8320000 - 0x00007ff9b8351000 	C:\Windows\System32\IMM32.DLL
0x00007ff9aa020000 - 0x00007ff9aa02c000 	C:\Program Files\Java\jdk-17\bin\vcruntime140_1.dll
0x00007ff9a9540000 - 0x00007ff9a95ce000 	C:\Program Files\Java\jdk-17\bin\msvcp140.dll
0x00007ff95c5d0000 - 0x00007ff95d1ae000 	C:\Program Files\Java\jdk-17\bin\server\jvm.dll
0x00007ff9b7c10000 - 0x00007ff9b7c18000 	C:\Windows\System32\PSAPI.DLL
0x00007ff9b1f50000 - 0x00007ff9b1f59000 	C:\Windows\SYSTEM32\WSOCK32.dll
0x00007ff9a01b0000 - 0x00007ff9a01e4000 	C:\Windows\SYSTEM32\WINMM.dll
0x00007ff9b7a80000 - 0x00007ff9b7af1000 	C:\Windows\System32\WS2_32.dll
0x00007ff9b5d40000 - 0x00007ff9b5d58000 	C:\Windows\SYSTEM32\kernel.appcore.dll
0x00007ff9a9700000 - 0x00007ff9a970a000 	C:\Program Files\Java\jdk-17\bin\jimage.dll
0x00007ff99d620000 - 0x00007ff99d84e000 	C:\Windows\SYSTEM32\DBGHELP.DLL
0x00007ff9b84e0000 - 0x00007ff9b886a000 	C:\Windows\System32\combase.dll
0x00007ff9b7b00000 - 0x00007ff9b7bd7000 	C:\Windows\System32\OLEAUT32.dll
0x00007ff99d470000 - 0x00007ff99d4a2000 	C:\Windows\SYSTEM32\dbgcore.DLL
0x00007ff9b72f0000 - 0x00007ff9b736a000 	C:\Windows\System32\bcryptPrimitives.dll
0x00007ff9a9510000 - 0x00007ff9a9535000 	C:\Program Files\Java\jdk-17\bin\java.dll

dbghelp: loaded successfully - version: 4.0.5 - missing functions: none
symbol engine: initialized successfully - sym options: 0x614 - pdb path: .;C:\Program Files\Java\jdk-17\bin;C:\Windows\SYSTEM32;C:\Windows\WinSxS\amd64_microsoft.windows.common-controls_6595b64144ccf1df_6.0.22621.2070_none_2713e6537381f706;C:\Program Files\Java\jdk-17\bin\server

VM Arguments:
jvm_args: -Dfile.encoding=UTF-8 -XX:+ShowCodeDetailsInExceptionMessages 
java_command: bit701.day0907.Ex3_ArrayBinggo
java_class_path (initial): D:\naver0829\workstudy\javawork\NaverJavaProject\bin
Launcher Type: SUN_STANDARD

[Global flags]
     intx CICompilerCount                          = 4                                         {product} {ergonomic}
     uint ConcGCThreads                            = 2                                         {product} {ergonomic}
     uint G1ConcRefinementThreads                  = 8                                         {product} {ergonomic}
   size_t G1HeapRegionSize                         = 2097152                                   {product} {ergonomic}
    uintx GCDrainStackTargetSize                   = 64                                        {product} {ergonomic}
   size_t InitialHeapSize                          = 266338304                                 {product} {ergonomic}
   size_t MarkStackSize                            = 4194304                                   {product} {ergonomic}
   size_t MaxHeapSize                              = 4253024256                                {product} {ergonomic}
   size_t MinHeapDeltaBytes                        = 2097152                                   {product} {ergonomic}
   size_t MinHeapSize                              = 8388608                                   {product} {ergonomic}
    uintx NonNMethodCodeHeapSize                   = 5839372                                {pd product} {ergonomic}
    uintx NonProfiledCodeHeapSize                  = 122909434                              {pd product} {ergonomic}
    uintx ProfiledCodeHeapSize                     = 122909434                              {pd product} {ergonomic}
    uintx ReservedCodeCacheSize                    = 251658240                              {pd product} {ergonomic}
     bool SegmentedCodeCache                       = true                                      {product} {ergonomic}
     bool ShowCodeDetailsInExceptionMessages       = true                                   {manageable} {command line}
   size_t SoftMaxHeapSize                          = 4253024256                             {manageable} {ergonomic}
     bool UseCompressedClassPointers               = true                           {product lp64_product} {ergonomic}
     bool UseCompressedOops                        = true                           {product lp64_product} {ergonomic}
     bool UseG1GC                                  = true                                      {product} {ergonomic}
     bool UseLargePagesIndividualAllocation        = false                                  {pd product} {ergonomic}

Logging:
Log output configuration:
 #0: stdout all=warning uptime,level,tags
 #1: stderr all=off uptime,level,tags

Environment Variables:
JAVA_HOME=C:\Program Files\Java\jdk-17
PATH=C:\Program Files\Common Files\Oracle\Java\javapath;C:\Windows\system32;C:\Windows;C:\Windows\System32\Wbem;C:\Windows\System32\WindowsPowerShell\v1.0\;C:\Windows\System32\OpenSSH\;C:\Program Files\Java\jdk-17\bin;C:\Program Files\Git\cmd;C:\Users\bitcamp\AppData\Local\Microsoft\WindowsApps;;D:\naver0829\util\Microsoft VS Code\bin
USERNAME=bitcamp
OS=Windows_NT
PROCESSOR_IDENTIFIER=Intel64 Family 6 Model 158 Stepping 13, GenuineIntel



---------------  S Y S T E M  ---------------

OS:
 Windows 11 , 64 bit Build 22621 (10.0.22621.2070)
OS uptime: 21 days 16:18 hours

CPU: total 8 (initial active 8) (8 cores per cpu, 1 threads per core) family 6 model 158 stepping 13 microcode 0xec, cx8, cmov, fxsr, mmx, 3dnowpref, sse, sse2, sse3, ssse3, sse4.1, sse4.2, popcnt, lzcnt, tsc, tscinvbit, avx, avx2, aes, erms, clmul, bmi1, bmi2, adx, fma, vzeroupper, clflush, clflushopt

Memory: 4k page, system-wide physical 16222M (3452M free)
TotalPageFile size 46624M (AvailPageFile size 237M)
current process WorkingSet (physical memory assigned to process): 11M, peak: 11M
current process commit charge ("private bytes"): 60M, peak: 314M

vm_info: Java HotSpot(TM) 64-Bit Server VM (17.0.8+9-LTS-211) for windows-amd64 JRE (17.0.8+9-LTS-211), built on Jun 14 2023 10:34:31 by "mach5one" with MS VC++ 17.1 (VS2022)

END.
